<?xml version="1.0" encoding="UTF-8"?>
<!-- Generated by org.testng.reporters.JUnitXMLReporter -->
<testsuite ignored="1" hostname="Nightfury" failures="1" tests="3" name="groupingtest" time="0.048" errors="0" timestamp="2025-05-22T23:57:04 IST">
  <testcase classname="TestingUsingTestNG.GroupingMethods" name="logIn" time="0.011">
    <failure type="java.lang.AssertionError" message="expected [true] but found [false]">
      <![CDATA[java.lang.AssertionError: expected [true] but found [false]
at TestingUsingTestNG.GroupingMethods.logIn(GroupingMethods.java:9)
at java.base/java.util.ArrayList.forEach(ArrayList.java:1596)
... Removed 29 stack frames]]>
    </failure>
  </testcase> <!-- logIn -->
  <testcase classname="TestingUsingTestNG.GroupingMethods" name="logOut" time="0.001"/>
  <testcase classname="TestingUsingTestNG.GroupingMethods" name="search" time="0.0">
    <skipped/>
  </testcase> <!-- search -->
  <testcase classname="TestingUsingTestNG.GroupingMethods" name="advancedSearch" time="0.0">
    <ignored/>
  </testcase> <!-- advancedSearch -->
</testsuite> <!-- groupingtest -->
