<?xml version="1.0" encoding="UTF-8"?>
<!-- Generated by org.testng.reporters.JUnitXMLReporter -->
<testsuite ignored="0" hostname="Nightfury" failures="0" tests="10" name="Test" time="6.509" errors="0" timestamp="2025-05-20T22:30:08 IST">
  <testcase classname="TestingUsingTestNG.LoginOrangeHRM" name="openWebPage" time="5.902"/>
  <testcase classname="TestingUsingTestNG.LoginOrangeHRM" name="testLogo" time="0.361"/>
  <testcase classname="TestingUsingTestNG.LoginOrangeHRM" name="logIn" time="0.128"/>
  <testcase classname="TestingUsingTestNG.LoginOrangeHRM" name="closeBrowser" time="0.054"/>
  <testcase classname="TestingUsingTestNG.FirstTestCase" name="openApp" time="0.001"/>
  <testcase classname="TestingUsingTestNG.FirstTestCase" name="logIn" time="0.001"/>
  <testcase classname="TestingUsingTestNG.AnnotationsDemo1" name="search" time="0.001"/>
  <testcase classname="TestingUsingTestNG.AnnotationsDemo1" name="advancedSearch" time="0.001"/>
  <testcase classname="TestingUsingTestNG.AnnotationsDemo2" name="search" time="0.001"/>
  <testcase classname="TestingUsingTestNG.AnnotationsDemo2" name="advancedSearch" time="0.001"/>
</testsuite> <!-- Test -->
