<?xml version="1.0" encoding="UTF-8"?>
<!-- Generated by org.testng.reporters.JUnitXMLReporter -->
<testsuite ignored="0" hostname="Nightfury" failures="0" tests="6" name="Test1" time="6.256" errors="0" timestamp="2025-05-20T22:52:46 IST">
  <testcase classname="TestingUsingTestNG.LoginOrangeHRM" name="openWebPage" time="5.624"/>
  <testcase classname="TestingUsingTestNG.LoginOrangeHRM" name="testLogo" time="0.374"/>
  <testcase classname="TestingUsingTestNG.LoginOrangeHRM" name="logIn" time="0.122"/>
  <testcase classname="TestingUsingTestNG.LoginOrangeHRM" name="closeBrowser" time="0.099"/>
  <testcase classname="TestingUsingTestNG.FirstTestCase" name="openApp" time="0.0"/>
  <testcase classname="TestingUsingTestNG.FirstTestCase" name="logIn" time="0.0"/>
</testsuite> <!-- Test1 -->
