<?xml version="1.0" encoding="UTF-8"?>
<!-- Generated by org.testng.reporters.JUnitXMLReporter -->
<testsuite ignored="0" hostname="Nightfury" failures="0" tests="4" name="Test2" time="0.015" errors="0" timestamp="2025-05-20T22:52:46 IST">
  <testcase classname="TestingUsingTestNG.AnnotationsDemo1" name="search" time="0.001"/>
  <testcase classname="TestingUsingTestNG.AnnotationsDemo1" name="advancedSearch" time="0.001"/>
  <testcase classname="TestingUsingTestNG.AnnotationsDemo2" name="search" time="0.0"/>
  <testcase classname="TestingUsingTestNG.AnnotationsDemo2" name="advancedSearch" time="0.0"/>
</testsuite> <!-- Test2 -->
