<?xml version="1.0" encoding="UTF-8"?>
<testng-results ignored="1" total="4" passed="1" failed="1" skipped="1">
  <reporter-output>
  </reporter-output>
  <suite started-at="2025-05-22T23:57:04 IST" name="groupingsuite" finished-at="2025-05-22T23:57:04 IST" duration-ms="48">
    <groups>
      <group name="team1">
        <method signature="GroupingMethods.logIn()[pri:1, instance:TestingUsingTestNG.GroupingMethods@51399530]" name="logIn" class="TestingUsingTestNG.GroupingMethods"/>
      </group> <!-- team1 -->
      <group name="team2">
        <method signature="GroupingMethods.logOut()[pri:4, instance:TestingUsingTestNG.GroupingMethods@51399530]" name="logOut" class="TestingUsingTestNG.GroupingMethods"/>
        <method signature="GroupingMethods.search()[pri:2, instance:TestingUsingTestNG.GroupingMethods@51399530]" name="search" class="TestingUsingTestNG.GroupingMethods"/>
      </group> <!-- team2 -->
    </groups>
    <test started-at="2025-05-22T23:57:04 IST" name="groupingtest" finished-at="2025-05-22T23:57:04 IST" duration-ms="48">
      <class name="TestingUsingTestNG.GroupingMethods">
        <test-method signature="logIn()[pri:1, instance:TestingUsingTestNG.GroupingMethods@51399530]" started-at="2025-05-22T23:57:04 IST" name="logIn" finished-at="2025-05-22T23:57:04 IST" duration-ms="11" status="FAIL">
          <exception class="java.lang.AssertionError">
            <message>
              <![CDATA[expected [true] but found [false]]]>
            </message>
            <full-stacktrace>
              <![CDATA[java.lang.AssertionError: expected [true] but found [false]
at org.testng.Assert.fail(Assert.java:111)
at org.testng.Assert.failNotEquals(Assert.java:1590)
at org.testng.Assert.assertTrue(Assert.java:57)
at org.testng.Assert.assertTrue(Assert.java:67)
at TestingUsingTestNG.GroupingMethods.logIn(GroupingMethods.java:9)
at java.base/jdk.internal.reflect.DirectMethodHandleAccessor.invoke(DirectMethodHandleAccessor.java:103)
at java.base/java.lang.reflect.Method.invoke(Method.java:580)
at org.testng.internal.invokers.MethodInvocationHelper.invokeMethod(MethodInvocationHelper.java:141)
at org.testng.internal.invokers.TestInvoker.invokeMethod(TestInvoker.java:687)
at org.testng.internal.invokers.TestInvoker.invokeTestMethod(TestInvoker.java:230)
at org.testng.internal.invokers.MethodRunner.runInSequence(MethodRunner.java:63)
at org.testng.internal.invokers.TestInvoker$MethodInvocationAgent.invoke(TestInvoker.java:995)
at org.testng.internal.invokers.TestInvoker.invokeTestMethods(TestInvoker.java:203)
at org.testng.internal.invokers.TestMethodWorker.invokeTestMethods(TestMethodWorker.java:154)
at org.testng.internal.invokers.TestMethodWorker.run(TestMethodWorker.java:134)
at java.base/java.util.ArrayList.forEach(ArrayList.java:1596)
at org.testng.TestRunner.privateRun(TestRunner.java:741)
at org.testng.TestRunner.run(TestRunner.java:616)
at org.testng.SuiteRunner.runTest(SuiteRunner.java:421)
at org.testng.SuiteRunner.runSequentially(SuiteRunner.java:413)
at org.testng.SuiteRunner.privateRun(SuiteRunner.java:373)
at org.testng.SuiteRunner.run(SuiteRunner.java:312)
at org.testng.SuiteRunnerWorker.runSuite(SuiteRunnerWorker.java:52)
at org.testng.SuiteRunnerWorker.run(SuiteRunnerWorker.java:95)
at org.testng.TestNG.runSuitesSequentially(TestNG.java:1274)
at org.testng.TestNG.runSuitesLocally(TestNG.java:1208)
at org.testng.TestNG.runSuites(TestNG.java:1112)
at org.testng.TestNG.run(TestNG.java:1079)
at org.testng.remote.AbstractRemoteTestNG.run(AbstractRemoteTestNG.java:115)
at org.testng.remote.RemoteTestNG.initAndRun(RemoteTestNG.java:293)
at org.testng.remote.RemoteTestNG.main(RemoteTestNG.java:91)
]]>
            </full-stacktrace>
          </exception> <!-- java.lang.AssertionError -->
          <reporter-output>
          </reporter-output>
        </test-method> <!-- logIn -->
        <test-method signature="logOut()[pri:4, instance:TestingUsingTestNG.GroupingMethods@51399530]" started-at="2025-05-22T23:57:04 IST" name="logOut" finished-at="2025-05-22T23:57:04 IST" duration-ms="1" status="PASS">
          <reporter-output>
          </reporter-output>
        </test-method> <!-- logOut -->
        <test-method signature="search()[pri:2, instance:TestingUsingTestNG.GroupingMethods@51399530]" started-at="2025-05-22T23:57:04 IST" name="search" finished-at="2025-05-22T23:57:04 IST" depends-on-methods="TestingUsingTestNG.GroupingMethods.logIn, TestingUsingTestNG.GroupingMethods.logOut" duration-ms="0" status="SKIP">
          <exception class="java.lang.Throwable">
            <message>
              <![CDATA[Method TestingUsingTestNG.GroupingMethods.search() on instance TestingUsingTestNG.GroupingMethods@51399530 depends on not successfully finished methods 
[TestingUsingTestNG.GroupingMethods.logIn() on instance TestingUsingTestNG.GroupingMethods@51399530
TestingUsingTestNG.GroupingMethods.logOut() on instance TestingUsingTestNG.GroupingMethods@51399530]]]>
            </message>
            <full-stacktrace>
              <![CDATA[java.lang.Throwable: Method TestingUsingTestNG.GroupingMethods.search() on instance TestingUsingTestNG.GroupingMethods@51399530 depends on not successfully finished methods 
[TestingUsingTestNG.GroupingMethods.logIn() on instance TestingUsingTestNG.GroupingMethods@51399530
TestingUsingTestNG.GroupingMethods.logOut() on instance TestingUsingTestNG.GroupingMethods@51399530]
at org.testng.internal.invokers.TestInvoker.invokeTestMethods(TestInvoker.java:159)
at org.testng.internal.invokers.TestMethodWorker.invokeTestMethods(TestMethodWorker.java:154)
at org.testng.internal.invokers.TestMethodWorker.run(TestMethodWorker.java:134)
at java.base/java.util.ArrayList.forEach(ArrayList.java:1596)
at org.testng.TestRunner.privateRun(TestRunner.java:741)
at org.testng.TestRunner.run(TestRunner.java:616)
at org.testng.SuiteRunner.runTest(SuiteRunner.java:421)
at org.testng.SuiteRunner.runSequentially(SuiteRunner.java:413)
at org.testng.SuiteRunner.privateRun(SuiteRunner.java:373)
at org.testng.SuiteRunner.run(SuiteRunner.java:312)
at org.testng.SuiteRunnerWorker.runSuite(SuiteRunnerWorker.java:52)
at org.testng.SuiteRunnerWorker.run(SuiteRunnerWorker.java:95)
at org.testng.TestNG.runSuitesSequentially(TestNG.java:1274)
at org.testng.TestNG.runSuitesLocally(TestNG.java:1208)
at org.testng.TestNG.runSuites(TestNG.java:1112)
at org.testng.TestNG.run(TestNG.java:1079)
at org.testng.remote.AbstractRemoteTestNG.run(AbstractRemoteTestNG.java:115)
at org.testng.remote.RemoteTestNG.initAndRun(RemoteTestNG.java:293)
at org.testng.remote.RemoteTestNG.main(RemoteTestNG.java:91)
]]>
            </full-stacktrace>
          </exception> <!-- java.lang.Throwable -->
          <reporter-output>
          </reporter-output>
        </test-method> <!-- search -->
      </class> <!-- TestingUsingTestNG.GroupingMethods -->
    </test> <!-- groupingtest -->
  </suite> <!-- groupingsuite -->
</testng-results>
