<?xml version="1.0" encoding="UTF-8"?>
<!-- Generated by org.testng.reporters.JUnitReportReporter -->
<testsuite hostname="Nightfury" failures="0" tests="4" name="TestingUsingTestNG.LoginOrangeHRM" time="6.219" errors="0" timestamp="2025-05-20T22:52:46 IST" skipped="0">
  <testcase classname="TestingUsingTestNG.LoginOrangeHRM" name="openWebPage" time="5.624"/>
  <testcase classname="TestingUsingTestNG.LoginOrangeHRM" name="testLogo" time="0.374"/>
  <testcase classname="TestingUsingTestNG.LoginOrangeHRM" name="logIn" time="0.122"/>
  <testcase classname="TestingUsingTestNG.LoginOrangeHRM" name="closeBrowser" time="0.099"/>
</testsuite> <!-- TestingUsingTestNG.LoginOrangeHRM -->
