<?xml version="1.0" encoding="UTF-8"?>
<!-- Generated by org.testng.reporters.JUnitReportReporter -->
<testsuite hostname="Nightfury" failures="0" tests="2" name="TestingUsingTestNG.FirstTestCase" time="0.000" errors="0" timestamp="2025-05-20T22:52:46 IST" skipped="0">
  <testcase classname="TestingUsingTestNG.FirstTestCase" name="openApp" time="0.000"/>
  <testcase classname="TestingUsingTestNG.FirstTestCase" name="logIn" time="0.000"/>
</testsuite> <!-- TestingUsingTestNG.FirstTestCase -->
