<?xml version="1.0" encoding="UTF-8"?>
<!-- Generated by org.testng.reporters.JUnitReportReporter -->
<testsuite hostname="Nightfury" failures="0" tests="2" name="TestingUsingTestNG.AnnotationsDemo2" time="0.000" errors="0" timestamp="2025-05-20T22:52:46 IST" skipped="0">
  <testcase classname="TestingUsingTestNG.AnnotationsDemo2" name="search" time="0.000"/>
  <testcase classname="TestingUsingTestNG.AnnotationsDemo2" name="advancedSearch" time="0.000"/>
</testsuite> <!-- TestingUsingTestNG.AnnotationsDemo2 -->
